app/build/outputs/mapping/release/configuration.txt
# The proguard configuration file for the following section is intermediates/proguard-files/proguard-android.txt-4.2.2
# This is a configuration file for ProGuard.
# http://proguard.sourceforge.net/index.html#manual/usage.html
#
# Starting with version 2.2 of the Android plugin for Gradle, this file is distributed together with
# the plugin and unpacked at build-time. The files in $ANDROID_HOME are no longer maintained and
# will be ignored by new version of the Android plugin for Gradle.

# Optimization is turned off by default. Dex does not like code run
# through the ProGuard optimize steps (and performs some
# of these optimizations on its own).
# Note that if you want to enable optimization, you cannot just
# include optimization flags in your own project configuration file;
# instead you will need to point to the
# "proguard-android-optimize.txt" file instead of this one from your
# project.properties file.
-dontoptimize

-dontusemixedcaseclassnames
-dontskipnonpubliclibraryclasses
-verbose

# Preserve some attributes that may be required for reflection.
-keepattributes *Annotation*,Signature,InnerClasses,EnclosingMethod

-keep public class com.google.vending.licensing.ILicensingService
-keep public class com.android.vending.licensing.ILicensingService
-keep public class com.google.android.vending.licensing.ILicensingService
-dontnote com.android.vending.licensing.ILicensingService
-dontnote com.google.vending.licensing.ILicensingService
-dontnote com.google.android.vending.licensing.ILicensingService

# For native methods, see http://proguard.sourceforge.net/manual/examples.html#native
-keepclasseswithmembernames,includedescriptorclasses class * {
    native <methods>;
}

# Keep setters in Views so that animations can still work.
-keepclassmembers public class * extends android.view.View {
    void set*(***);
    *** get*();
}

# We want to keep methods in Activity that could be used in the XML attribute onClick.
-keepclassmembers class * extends android.app.Activity {
    public void *(android.view.View);
}

# For enumeration classes, see http://proguard.sourceforge.net/manual/examples.html#enumerations
-keepclassmembers enum * {
    public static **[] values();
    public static ** valueOf(java.lang.String);
}

-keepclassmembers class * implements android.os.Parcelable {
    public static final ** CREATOR;
}

# Preserve annotated Javascript interface methods.
-keepclassmembers class * {
    @android.webkit.JavascriptInterface <methods>;
}

# The support libraries contains references to newer platform versions.
# Don't warn about those in case this app is linking against an older
# platform version. We know about them, and they are safe.
-dontnote android.support.**
-dontnote androidx.**
-dontwarn android.support.**
-dontwarn androidx.**

# This class is deprecated, but remains for backward compatibility.
-dontwarn android.util.FloatMath

# Understand the @Keep support annotation.
-keep class android.support.annotation.Keep
-keep class androidx.annotation.Keep

-keep @android.support.annotation.Keep class * {*;}
-keep @androidx.annotation.Keep class * {*;}

-keepclasseswithmembers class * {
    @android.support.annotation.Keep <methods>;
}

-keepclasseswithmembers class * {
    @androidx.annotation.Keep <methods>;
}

-keepclasseswithmembers class * {
    @android.support.annotation.Keep <fields>;
}

-keepclasseswithmembers class * {
    @androidx.annotation.Keep <fields>;
}

-keepclasseswithmembers class * {
    @android.support.annotation.Keep <init>(...);
}

-keepclasseswithmembers class * {
    @androidx.annotation.Keep <init>(...);
}

# These classes are duplicated between android.jar and org.apache.http.legacy.jar.
-dontnote org.apache.http.**
-dontnote android.net.http.**

# These classes are duplicated between android.jar and core-lambda-stubs.jar.
-dontnote java.lang.invoke.**

# End of content from intermediates/proguard-files/proguard-android.txt-4.2.2
# The proguard configuration file for the following section is termux-app/app/proguard-rules.pro
# Add project specific ProGuard rules here.
# By default, the flags in this file are appended to flags specified
# in android-sdk/tools/proguard/proguard-android.txt
# You can edit the include path and order by changing the proguardFiles
# directive in build.gradle.
#
# For more details, see
#   http://developer.android.com/guide/developing/tools/proguard.html

-dontobfuscate
#-renamesourcefileattribute SourceFile
#-keepattributes SourceFile,LineNumberTable

# Temp fix for androidx.window:window:1.0.0-alpha09 imported by termux-shared
# https://issuetracker.google.com/issues/189001730
# https://android-review.googlesource.com/c/platform/frameworks/support/+/1757630
-keep class androidx.window.** { *; }

# End of content from termux-app/app/proguard-rules.pro
# The proguard configuration file for the following section is aapt_proguard_file/release/aapt_rules.txt
-keep class androidx.core.app.CoreComponentFactory { <init>(); }
-keep class com.termux.app.RunCommandService { <init>(); }
-keep class com.termux.app.TermuxActivity { <init>(); }
-keep class com.termux.app.TermuxApplication { <init>(); }
-keep class com.termux.app.TermuxOpenReceiver { <init>(); }
-keep class com.termux.app.TermuxOpenReceiver$ContentProvider { <init>(); }
-keep class com.termux.app.TermuxService { <init>(); }
-keep class com.termux.app.activities.HelpActivity { <init>(); }
-keep class com.termux.app.activities.SettingsActivity { <init>(); }
-keep class com.termux.app.api.file.FileReceiverActivity { <init>(); }
-keep class com.termux.app.event.SystemEventReceiver { <init>(); }
-keep class com.termux.filepicker.TermuxDocumentsProvider { <init>(); }
-keep class com.termux.shared.activities.ReportActivity { <init>(); }
-keep class com.termux.shared.activities.ReportActivity$ReportActivityBroadcastReceiver { <init>(); }
-keep class android.widget.Space { <init>(android.content.Context, android.util.AttributeSet); }

-keep class androidx.appcompat.app.AlertController$RecycleListView { <init>(android.content.Context, android.util.AttributeSet); }

-keep class androidx.appcompat.view.menu.ActionMenuItemView { <init>(android.content.Context, android.util.AttributeSet); }

-keep class androidx.appcompat.view.menu.ExpandedMenuView { <init>(android.content.Context, android.util.AttributeSet); }

-keep class androidx.appcompat.view.menu.ListMenuItemView { <init>(android.content.Context, android.util.AttributeSet); }

-keep class androidx.appcompat.widget.ActionBarContainer { <init>(android.content.Context, android.util.AttributeSet); }

-keep class androidx.appcompat.widget.ActionBarContextView { <init>(android.content.Context, android.util.AttributeSet); }

-keep class androidx.appcompat.widget.ActionBarOverlayLayout { <init>(android.content.Context, android.util.AttributeSet); }

-keep class androidx.appcompat.widget.ActionMenuView { <init>(android.content.Context, android.util.AttributeSet); }

-keep class androidx.appcompat.widget.ActivityChooserView$InnerLayout { <init>(android.content.Context, android.util.AttributeSet); }

-keep class androidx.appcompat.widget.AlertDialogLayout { <init>(android.content.Context, android.util.AttributeSet); }

-keep class androidx.appcompat.widget.ButtonBarLayout { <init>(android.content.Context, android.util.AttributeSet); }

-keep class androidx.appcompat.widget.ContentFrameLayout { <init>(android.content.Context, android.util.AttributeSet); }

-keep class androidx.appcompat.widget.DialogTitle { <init>(android.content.Context, android.util.AttributeSet); }

-keep class androidx.appcompat.widget.FitWindowsFrameLayout { <init>(android.content.Context, android.util.AttributeSet); }

-keep class androidx.appcompat.widget.FitWindowsLinearLayout { <init>(android.content.Context, android.util.AttributeSet); }

-keep class androidx.appcompat.widget.SearchView$SearchAutoComplete { <init>(android.content.Context, android.util.AttributeSet); }

-keep class androidx.appcompat.widget.SwitchCompat { <init>(android.content.Context, android.util.AttributeSet); }

-keep class androidx.appcompat.widget.Toolbar { <init>(android.content.Context, android.util.AttributeSet); }

-keep class androidx.appcompat.widget.ViewStubCompat { <init>(android.content.Context, android.util.AttributeSet); }

-keep class androidx.constraintlayout.widget.Barrier { <init>(android.content.Context, android.util.AttributeSet); }

-keep class androidx.constraintlayout.widget.ConstraintLayout { <init>(android.content.Context, android.util.AttributeSet); }

-keep class androidx.constraintlayout.widget.Guideline { <init>(android.content.Context, android.util.AttributeSet); }

-keep class androidx.coordinatorlayout.widget.CoordinatorLayout { <init>(android.content.Context, android.util.AttributeSet); }

-keep class androidx.core.widget.NestedScrollView { <init>(android.content.Context, android.util.AttributeSet); }

-keep class androidx.drawerlayout.widget.DrawerLayout { <init>(android.content.Context, android.util.AttributeSet); }

-keep class androidx.preference.UnPressableLinearLayout { <init>(android.content.Context, android.util.AttributeSet); }

-keep class androidx.preference.internal.PreferenceImageView { <init>(android.content.Context, android.util.AttributeSet); }

-keep class androidx.recyclerview.widget.RecyclerView { <init>(android.content.Context, android.util.AttributeSet); }

-keep class androidx.viewpager.widget.ViewPager { <init>(android.content.Context, android.util.AttributeSet); }

-keep class com.google.android.material.appbar.MaterialToolbar { <init>(android.content.Context, android.util.AttributeSet); }

-keep class com.google.android.material.button.MaterialButton { <init>(android.content.Context, android.util.AttributeSet); }

-keep class com.google.android.material.button.MaterialButtonToggleGroup { <init>(android.content.Context, android.util.AttributeSet); }

-keep class com.google.android.material.chip.Chip { <init>(android.content.Context, android.util.AttributeSet); }

-keep class com.google.android.material.chip.ChipGroup { <init>(android.content.Context, android.util.AttributeSet); }

-keep class com.google.android.material.datepicker.MaterialCalendarGridView { <init>(android.content.Context, android.util.AttributeSet); }

-keep class com.google.android.material.internal.BaselineLayout { <init>(android.content.Context, android.util.AttributeSet); }

-keep class com.google.android.material.internal.CheckableImageButton { <init>(android.content.Context, android.util.AttributeSet); }

-keep class com.google.android.material.internal.NavigationMenuItemView { <init>(android.content.Context, android.util.AttributeSet); }

-keep class com.google.android.material.internal.NavigationMenuView { <init>(android.content.Context, android.util.AttributeSet); }

-keep class com.google.android.material.snackbar.Snackbar$SnackbarLayout { <init>(android.content.Context, android.util.AttributeSet); }

-keep class com.google.android.material.snackbar.SnackbarContentLayout { <init>(android.content.Context, android.util.AttributeSet); }

-keep class com.google.android.material.textfield.TextInputEditText { <init>(android.content.Context, android.util.AttributeSet); }

-keep class com.google.android.material.textfield.TextInputLayout { <init>(android.content.Context, android.util.AttributeSet); }

-keep class com.google.android.material.textview.MaterialTextView { <init>(android.content.Context, android.util.AttributeSet); }

-keep class com.google.android.material.timepicker.ChipTextInputComboView { <init>(android.content.Context, android.util.AttributeSet); }

-keep class com.google.android.material.timepicker.ClockFaceView { <init>(android.content.Context, android.util.AttributeSet); }

-keep class com.google.android.material.timepicker.ClockHandView { <init>(android.content.Context, android.util.AttributeSet); }

-keep class com.google.android.material.timepicker.TimePickerView { <init>(android.content.Context, android.util.AttributeSet); }

-keep class com.termux.app.terminal.TermuxActivityRootView { <init>(android.content.Context, android.util.AttributeSet); }

-keep class com.termux.shared.termux.extrakeys.ExtraKeysView { <init>(android.content.Context, android.util.AttributeSet); }

-keep class com.termux.view.TerminalView { <init>(android.content.Context, android.util.AttributeSet); }


# End of content from aapt_proguard_file/release/aapt_rules.txt
# The proguard configuration file for the following section is transformed/preference-1.1.1/proguard.txt
# Copyright (C) 2015 The Android Open Source Project
#
# Licensed under the Apache License, Version 2.0 (the "License");
# you may not use this file except in compliance with the License.
# You may obtain a copy of the License at
#
#      http://www.apache.org/licenses/LICENSE-2.0
#
# Unless required by applicable law or agreed to in writing, software
# distributed under the License is distributed on an "AS IS" BASIS,
# WITHOUT WARRANTIES OR CONDITIONS OF ANY KIND, either express or implied.
# See the License for the specific language governing permissions and
# limitations under the License.

# Preference objects are inflated via reflection
-keep public class androidx.preference.Preference {
    public <init>(android.content.Context, android.util.AttributeSet);
}
-keep public class * extends androidx.preference.Preference {
    public <init>(android.content.Context, android.util.AttributeSet);
}

# End of content from transformed/preference-1.1.1/proguard.txt
# The proguard configuration file for the following section is transformed/material-1.4.0/proguard.txt
# Copyright (C) 2015 The Android Open Source Project
#
# Licensed under the Apache License, Version 2.0 (the "License");
# you may not use this file except in compliance with the License.
# You may obtain a copy of the License at
#
#      http://www.apache.org/licenses/LICENSE-2.0
#
# Unless required by applicable law or agreed to in writing, software
# distributed under the License is distributed on an "AS IS" BASIS,
# WITHOUT WARRANTIES OR CONDITIONS OF ANY KIND, either express or implied.
# See the License for the specific language governing permissions and
# limitations under the License.

# CoordinatorLayout resolves the behaviors of its child components with reflection.
-keep public class * extends androidx.coordinatorlayout.widget.CoordinatorLayout$Behavior {
    public <init>(android.content.Context, android.util.AttributeSet);
    public <init>();
}

# Make sure we keep annotations for CoordinatorLayout's DefaultBehavior
-keepattributes RuntimeVisible*Annotation*

# Copyright (C) 2018 The Android Open Source Project
#
# Licensed under the Apache License, Version 2.0 (the "License");
# you may not use this file except in compliance with the License.
# You may obtain a copy of the License at
#
#      http://www.apache.org/licenses/LICENSE-2.0
#
# Unless required by applicable law or agreed to in writing, software
# distributed under the License is distributed on an "AS IS" BASIS,
# WITHOUT WARRANTIES OR CONDITIONS OF ANY KIND, either express or implied.
# See the License for the specific language governing permissions and
# limitations under the License.

# AppCompatViewInflater reads the viewInflaterClass theme attribute which then
# reflectively instantiates MaterialComponentsViewInflater using the no-argument
# constructor. We only need to keep this constructor and the class name if
# AppCompatViewInflater is also being kept.
-if class androidx.appcompat.app.AppCompatViewInflater
-keep class com.google.android.material.theme.MaterialComponentsViewInflater {
    <init>();
}


# End of content from transformed/material-1.4.0/proguard.txt
# The proguard configuration file for the following section is transformed/appcompat-1.3.1/proguard.txt
# Copyright (C) 2018 The Android Open Source Project
#
# Licensed under the Apache License, Version 2.0 (the "License");
# you may not use this file except in compliance with the License.
# You may obtain a copy of the License at
#
#      http://www.apache.org/licenses/LICENSE-2.0
#
# Unless required by applicable law or agreed to in writing, software
# distributed under the License is distributed on an "AS IS" BASIS,
# WITHOUT WARRANTIES OR CONDITIONS OF ANY KIND, either express or implied.
# See the License for the specific language governing permissions and
# limitations under the License.

# aapt is not able to read app::actionViewClass and app:actionProviderClass to produce proguard
# keep rules. Add a commonly used SearchView to the keep list until b/109831488 is resolved.
-keep class androidx.appcompat.widget.SearchView { <init>(...); }

# Never inline methods, but allow shrinking and obfuscation.
-keepclassmembernames,allowobfuscation,allowshrinking class androidx.appcompat.widget.AppCompatTextViewAutoSizeHelper$Impl* {
  <methods>;
}

# End of content from transformed/appcompat-1.3.1/proguard.txt
# The proguard configuration file for the following section is transformed/fragment-1.3.6/proguard.txt
# Copyright (C) 2020 The Android Open Source Project
#
# Licensed under the Apache License, Version 2.0 (the "License");
# you may not use this file except in compliance with the License.
# You may obtain a copy of the License at
#
#      http://www.apache.org/licenses/LICENSE-2.0
#
# Unless required by applicable law or agreed to in writing, software
# distributed under the License is distributed on an "AS IS" BASIS,
# WITHOUT WARRANTIES OR CONDITIONS OF ANY KIND, either express or implied.
# See the License for the specific language governing permissions and
# limitations under the License.

# The default FragmentFactory creates Fragment instances using reflection
-if public class ** extends androidx.fragment.app.Fragment
-keepclasseswithmembers,allowobfuscation public class <1> {
    public <init>();
}

# End of content from transformed/fragment-1.3.6/proguard.txt
# The proguard configuration file for the following section is transformed/coordinatorlayout-1.1.0/proguard.txt
# Copyright (C) 2016 The Android Open Source Project
#
# Licensed under the Apache License, Version 2.0 (the "License");
# you may not use this file except in compliance with the License.
# You may obtain a copy of the License at
#
#      http://www.apache.org/licenses/LICENSE-2.0
#
# Unless required by applicable law or agreed to in writing, software
# distributed under the License is distributed on an "AS IS" BASIS,
# WITHOUT WARRANTIES OR CONDITIONS OF ANY KIND, either express or implied.
# See the License for the specific language governing permissions and
# limitations under the License.

# CoordinatorLayout resolves the behaviors of its child components with reflection.
-keep public class * extends androidx.coordinatorlayout.widget.CoordinatorLayout$Behavior {
    public <init>(android.content.Context, android.util.AttributeSet);
    public <init>();
}

# Make sure we keep annotations for CoordinatorLayout's DefaultBehavior and ViewPager's DecorView
-keepattributes *Annotation*

# End of content from transformed/coordinatorlayout-1.1.0/proguard.txt
# The proguard configuration file for the following section is transformed/recyclerview-1.1.0/proguard.txt
# Copyright (C) 2015 The Android Open Source Project
#
# Licensed under the Apache License, Version 2.0 (the "License");
# you may not use this file except in compliance with the License.
# You may obtain a copy of the License at
#
#      http://www.apache.org/licenses/LICENSE-2.0
#
# Unless required by applicable law or agreed to in writing, software
# distributed under the License is distributed on an "AS IS" BASIS,
# WITHOUT WARRANTIES OR CONDITIONS OF ANY KIND, either express or implied.
# See the License for the specific language governing permissions and
# limitations under the License.

# When layoutManager xml attribute is used, RecyclerView inflates
#LayoutManagers' constructors using reflection.
-keep public class * extends androidx.recyclerview.widget.RecyclerView$LayoutManager {