app/build/outputs/mapping/release/seeds.txt
com.termux.app.fragments.settings.termux_widget.DebuggingPreferencesFragment
com.termux.app.fragments.settings.TermuxFloatPreferencesFragment
com.termux.app.event.SystemEventReceiver
com.termux.app.fragments.settings.termux_api.DebuggingPreferencesFragment
com.termux.app.activities.HelpActivity
com.termux.filepicker.TermuxDocumentsProvider
com.termux.app.terminal.TermuxActivityRootView
com.termux.app.fragments.settings.TermuxTaskerPreferencesFragment
com.termux.app.fragments.settings.termux_float.DebuggingPreferencesFragment
com.termux.app.TermuxOpenReceiver
com.termux.shared.activities.ReportActivity
com.termux.shared.termux.shell.am.TermuxAmSocketServer
com.termux.app.TermuxService
com.termux.app.fragments.settings.termux_tasker.DebuggingPreferencesFragment
com.termux.shared.jni.models.JniResult
com.termux.app.fragments.settings.TermuxPreferencesFragment
com.termux.app.TermuxOpenReceiver$ContentProvider
com.termux.app.fragments.settings.TermuxWidgetPreferencesFragment
com.termux.app.TermuxApplication
com.termux.app.RunCommandService
com.termux.view.TerminalView
com.termux.app.fragments.settings.termux.DebuggingPreferencesFragment
com.termux.app.fragments.settings.termux.TerminalIOPreferencesFragment
com.termux.app.TermuxActivity
com.termux.shared.net.socket.local.PeerCred
com.termux.app.activities.SettingsActivity
com.termux.app.fragments.settings.TermuxAPIPreferencesFragment
com.termux.app.activities.SettingsActivity$RootPreferencesFragment
com.termux.app.fragments.settings.termux.TerminalViewPreferencesFragment
com.termux.shared.termux.extrakeys.ExtraKeysView
com.termux.shared.activities.ReportActivity$ReportActivityBroadcastReceiver
com.termux.app.api.file.FileReceiverActivity
com.termux.view.textselection.TextSelectionHandleView: android.widget.PopupWindow mHandle
com.termux.view.GestureAndScaleRecognizer: boolean isAfterLongPress
com.termux.view.TerminalView: long mMouseStartDownTime
com.termux.app.fragments.settings.termux.TerminalViewPreferencesDataStore: android.content.Context mContext
com.termux.app.TermuxActivity: com.termux.view.TerminalView mTerminalView
com.termux.shared.termux.shell.am.TermuxAmSocketServer: java.lang.Boolean TERMUX_APP_AM_SOCKET_SERVER_ENABLED
com.termux.shared.data.DataUtils: char[] HEX_ARRAY
com.termux.shared.shell.command.ExecutionCommand: java.lang.Integer backgroundCustomLogLevel
com.termux.shared.file.filesystem.UnixConstants: int EEXIST
com.termux.view.textselection.TextSelectionCursorController: int mSelY1
com.termux.app.TermuxActivity: int mNavBarHeight
com.termux.view.GestureAndScaleRecognizer$3: com.termux.view.GestureAndScaleRecognizer this$0
com.termux.view.TerminalView: int[] mDefaultSelectors
com.termux.app.fragments.settings.termux_tasker.DebuggingPreferencesDataStore: com.termux.app.fragments.settings.termux_tasker.DebuggingPreferencesDataStore mInstance
com.termux.terminal.TerminalSession: int mTerminalFileDescriptor
com.termux.terminal.TerminalRow: short mSpaceUsed
com.termux.shared.termux.TermuxConstants: java.io.File TERMUX_SHORTCUT_SCRIPTS_DIR
com.termux.shared.logger.Logger: java.lang.String DEFAULT_LOG_TAG
com.termux.shared.file.filesystem.FileAttributes: long st_ino
com.termux.shared.file.filesystem.UnixConstants: int EXDEV
com.termux.view.TerminalView: com.termux.view.TerminalViewClient mClient
com.termux.shared.termux.settings.properties.TermuxPropertyConstants: com.google.common.collect.ImmutableBiMap MAP_SESSION_SHORTCUTS
com.termux.shared.shell.command.ExecutionCommand: com.termux.shared.shell.command.ExecutionCommand$ExecutionState currentState
com.termux.app.terminal.TermuxTerminalViewClient$1: com.termux.app.terminal.TermuxTerminalViewClient this$0
com.termux.terminal.TerminalEmulator: int mColumns
com.termux.shared.R$string: int msg_storage_permission_not_granted
com.termux.view.R$string: int text_selection_more
com.termux.shared.models.ReportInfo: java.lang.String sender
...
androidx.fragment.app.FragmentTransitionCompat21$4: androidx.fragment.app.FragmentTransitionCompat21 this$0
androidx.vectordrawable.graphics.drawable.VectorDrawableCompat$VPathRenderer: android.graphics.Matrix IDENTITY_MATRIX
com.google.android.material.R$styleable: int[] FontFamilyFont
androidx.transition.TransitionValuesMaps: androidx.collection.ArrayMap mNameValues
androidx.appcompat.R$styleable: int MenuItem_android_icon
androidx.versionedparcelable.VersionedParcelParcel: android.util.SparseIntArray mPositionLookup
com.google.android.material.R$styleable: int MaterialButton_icon
kotlinx.coroutines.CoroutineName: java.lang.String name
androidx.appcompat.app.AlertController: int mIconId
com.google.android.material.datepicker.MonthAdapter: com.google.android.material.datepicker.DateSelector dateSelector
androidx.appcompat.app.WindowDecorActionBar: androidx.appcompat.view.ActionMode$Callback mDeferredModeDestroyCallback
kotlin.jvm.internal.ClassReference: java.util.HashMap primitiveFqNames
com.google.android.material.ripple.RippleUtils: int[] SELECTED_STATE_SET
com.google.android.material.textfield.IndicatorViewController$1: android.widget.TextView val$captionViewToShow
androidx.lifecycle.Lifecycle$State: androidx.lifecycle.Lifecycle$State RESUMED
androidx.constraintlayout.solver.widgets.ConstraintWidgetContainer: int mHorizontalChainsSize
androidx.preference.Preference: androidx.preference.Preference$OnPreferenceChangeListener mOnChangeListener
androidx.appcompat.widget.SearchView$1: androidx.appcompat.widget.SearchView this$0
androidx.core.view.ViewPropertyAnimatorCompat$ViewPropertyAnimatorListenerApi14: boolean mAnimEndCalled
androidx.window.WindowManager: androidx.window.WindowManager$Companion Companion
androidx.transition.ChangeBounds: android.util.Property DRAWABLE_ORIGIN_PROPERTY
androidx.appcompat.app.AppCompatDelegateImpl$PanelMenuPresenterCallback: androidx.appcompat.app.AppCompatDelegateImpl this$0
kotlinx.coroutines.internal.AtomicOp: java.util.concurrent.atomic.AtomicReferenceFieldUpdater _consensus$FU
androidx.preference.PreferenceGroup$1: androidx.preference.PreferenceGroup this$0
com.google.common.collect.SingletonImmutableList: java.lang.Object element
androidx.core.view.KeyEventDispatcher: boolean sDialogFieldsFetched
com.google.android.material.textfield.EndIconDelegate: com.google.android.material.textfield.TextInputLayout textInputLayout
androidx.constraintlayout.widget.R$styleable: int Constraint_android_translationZ
androidx.appcompat.app.WindowDecorActionBar: androidx.appcompat.widget.ScrollingTabContainerView mTabScrollView
androidx.appcompat.view.menu.ListMenuItemView: android.widget.ImageView mGroupDivider
androidx.transition.Transition: androidx.transition.Transition$EpicenterCallback mEpicenterCallback
androidx.core.widget.TextViewCompat$OreoCallback: boolean mCanUseMenuBuilderReferences
androidx.constraintlayout.solver.widgets.VirtualLayout: boolean mNeedsCallFromSolver
androidx.recyclerview.widget.FastScroller: int mHorizontalThumbHeight
com.google.android.material.resources.TextAppearanceConfig: boolean shouldLoadFontSynchronously
io.noties.markwon.MarkwonConfiguration$Builder: io.noties.markwon.MarkwonSpansFactory spansFactory
com.google.android.material.R$styleable: int[] LinearLayoutCompat
com.google.android.material.R$id: int material_hour_tv
com.google.android.material.ripple.RippleUtils: java.lang.String LOG_TAG
com.google.android.material.chip.ChipDrawable: android.content.res.ColorStateList chipStrokeColor
kotlinx.coroutines.DispatchedCoroutine: int _decision
com.google.android.material.datepicker.MonthAdapter: int MAXIMUM_WEEKS
androidx.constraintlayout.widget.R$styleable: int[] AnimatedStateListDrawableItem
com.google.android.material.R$id: int selection_type
androidx.recyclerview.widget.GapWorker: java.util.ArrayList mTasks
androidx.preference.SeekBarPreference$SavedState: android.os.Parcelable$Creator CREATOR