app/build/outputs/mapping/release/mapping.txt
# compiler: R8
# compiler_version: 2.2.71
# min_api: 21
# pg_map_id: e1b79cc
# common_typos_disable
com.termux.am.-$$Lambda$Am$qcaZHY4YuvfxfwlN9USTp36P5G8 -> com.termux.am.-$$Lambda$Am$qcaZHY4YuvfxfwlN9USTp36P5G8:
# {"id":"sourceFile","fileName":"lambda"}
com.termux.am.Am -> com.termux.am.Am:
    38:46:void <init>(java.io.PrintStream,java.io.PrintStream,android.app.Application) -> <init>
    140:155:boolean lambda$makeIntent$0(java.lang.String,com.termux.am.ShellCommand) -> lambda$makeIntent$0
    137:139:android.content.Intent makeIntent() -> makeIntent
    107:131:void onRun() -> onRun
    52:102:void onShowUsage(java.io.PrintStream) -> onShowUsage
    212:227:void runStart() -> runStart
    165:184:void runStartService() -> runStartService
    189:207:void runStopService() -> runStopService
    244:245:void runToUri(int) -> runToUri
    233:239:void sendBroadcast() -> sendBroadcast
com.termux.am.Am$IntentReceiver -> com.termux.am.Am$IntentReceiver:
    249:251:void <init>(com.termux.am.Am) -> <init>
    249:249:void <init>(com.termux.am.Am,com.termux.am.Am$1) -> <init>
    255:262:void onReceive(android.content.Context,android.content.Intent) -> onReceive
    267:271:void waitForFinish() -> waitForFinish
com.termux.am.BaseCommand -> com.termux.am.BaseCommand:
    27:38:void <init>(java.io.PrintStream,java.io.PrintStream) -> <init>
    113:113:java.lang.String nextArgRequired() -> nextArgRequired
    45:59:int run(java.lang.String[]) -> run
    77:79:void showError(java.lang.String) -> showError
com.termux.am.IntentCmd -> com.termux.am.IntentCmd:
    25:404:android.content.Intent parseCommandArgs(com.termux.am.ShellCommand,com.termux.am.IntentCmd$CommandOptionHandler) -> parseCommandArgs
    410:461:void printIntentArgsHelp(java.io.PrintWriter,java.lang.String) -> printIntentArgsHelp
com.termux.am.ShellCommand -> com.termux.am.ShellCommand:
    22:22:void <init>() -> <init>
    75:80:java.lang.String getNextArg() -> getNextArg
    101:104:java.lang.String getNextArgRequired() -> getNextArgRequired
    42:66:java.lang.String getNextOption() -> getNextOption
    32:34:void init(java.lang.String[],int) -> init
com.termux.app.-$$Lambda$TermuxActivity$0xJHssyQo8OkdU9uKYYf1ScOJrg -> com.termux.app.-$$Lambda$TermuxActivity$0xJHssyQo8OkdU9uKYYf1ScOJrg:
# {"id":"sourceFile","fileName":"lambda"}
com.termux.app.-$$Lambda$TermuxActivity$63fmUM3bXn7gOQbpprTTtUPbMkc -> com.termux.app.-$$Lambda$TermuxActivity$63fmUM3bXn7gOQbpprTTtUPbMkc:
# {"id":"sourceFile","fileName":"lambda"}
com.termux.app.-$$Lambda$TermuxActivity$AiMHAK_-yz97LoGyaRLTYFG_A8U -> com.termux.app.-$$Lambda$TermuxActivity$AiMHAK_-yz97LoGyaRLTYFG_A8U:
# {"id":"sourceFile","fileName":"lambda"}
com.termux.app.-$$Lambda$TermuxActivity$CY6zboEZqniUNkOSa7186QpedtU -> com.termux.app.-$$Lambda$TermuxActivity$CY6zboEZqniUNkOSa7186QpedtU:
# {"id":"sourceFile","fileName":"lambda"}
com.termux.app.-$$Lambda$TermuxActivity$F_s74DJTj5Xgzs9mYOYZfwC1C1s -> com.termux.app.-$$Lambda$TermuxActivity$F_s74DJTj5Xgzs9mYOYZfwC1C1s:
# {"id":"sourceFile","fileName":"lambda"}
com.termux.app.-$$Lambda$TermuxActivity$JlkEIWKzhQw9nM36yrdYxsW0chg -> com.termux.app.-$$Lambda$TermuxActivity$JlkEIWKzhQw9nM36yrdYxsW0chg:
# {"id":"sourceFile","fileName":"lambda"}
com.termux.app.-$$Lambda$TermuxActivity$R86CrS-vWQv2w37F0KxXs9_9934 -> com.termux.app.-$$Lambda$TermuxActivity$R86CrS-vWQv2w37F0KxXs9_9934:
# {"id":"sourceFile","fileName":"lambda"}
com.termux.app.-$$Lambda$TermuxActivity$fO7KP6_DGzar5Ncnbt2rU_4DKsg -> com.termux.app.-$$Lambda$TermuxActivity$fO7KP6_DGzar5Ncnbt2rU_4DKsg:
# {"id":"sourceFile","fileName":"lambda"}
com.termux.app.-$$Lambda$TermuxActivity$qNcdDMxmXy8PaWjT96-JnknJiFQ -> com.termux.app.-$$Lambda$TermuxActivity$qNcdDMxmXy8PaWjT96-JnknJiFQ:
# {"id":"sourceFile","fileName":"lambda"}
com.termux.app.-$$Lambda$TermuxActivity$qdYLq_g9hmw-YQf9CQfie5WvXW0 -> com.termux.app.-$$Lambda$TermuxActivity$qdYLq_g9hmw-YQf9CQfie5WvXW0:
# {"id":"sourceFile","fileName":"lambda"}
...
kotlin.coroutines.jvm.internal.DebugMetadata -> kotlin.coroutines.jvm.internal.DebugMetadata:
# {"id":"sourceFile","fileName":"DebugMetadata.kt"}
kotlin.coroutines.jvm.internal.DebugMetadataKt -> kotlin.coroutines.jvm.internal.DebugMetadataKt:
# {"id":"sourceFile","fileName":"DebugMetadata.kt"}
    104:104:void checkDebugMetadataVersion(int,int) -> checkDebugMetadataVersion
    91:91:kotlin.coroutines.jvm.internal.DebugMetadata getDebugMetadataAnnotation(kotlin.coroutines.jvm.internal.BaseContinuationImpl) -> getDebugMetadataAnnotation
    95:97:int getLabel(kotlin.coroutines.jvm.internal.BaseContinuationImpl) -> getLabel
    42:48:java.lang.StackTraceElement getStackTraceElement(kotlin.coroutines.jvm.internal.BaseContinuationImpl) -> getStackTraceElement
kotlin.coroutines.jvm.internal.DebugProbesKt -> kotlin.coroutines.jvm.internal.DebugProbesKt:
# {"id":"sourceFile","fileName":"DebugProbes.kt"}
kotlin.coroutines.jvm.internal.ModuleNameRetriever -> kotlin.coroutines.jvm.internal.ModuleNameRetriever:
# {"id":"sourceFile","fileName":"DebugMetadata.kt"}
    51:61:void <clinit>() -> <clinit>
    51:51:void <clinit>() -> <init>
    51:51:void <init>():51 -> <init>
    78:85:kotlin.coroutines.jvm.internal.ModuleNameRetriever$Cache buildCache(kotlin.coroutines.jvm.internal.BaseContinuationImpl) -> buildCache
    67:73:java.lang.String getModuleName(kotlin.coroutines.jvm.internal.BaseContinuationImpl) -> getModuleName
kotlin.coroutines.jvm.internal.ModuleNameRetriever$Cache -> kotlin.coroutines.jvm.internal.ModuleNameRetriever$Cache:
# {"id":"sourceFile","fileName":"DebugMetadata.kt"}
    52:52:void <init>(java.lang.reflect.Method,java.lang.reflect.Method,java.lang.reflect.Method) -> <init>
kotlin.coroutines.jvm.internal.SuspendLambda -> kotlin.coroutines.jvm.internal.SuspendLambda:
# {"id":"sourceFile","fileName":"ContinuationImpl.kt"}
    159:159:void <init>(int,kotlin.coroutines.Continuation) -> <init>
    160:160:void <init>(int) -> <init>
    157:157:int getArity() -> getArity
    163:166:java.lang.String toString() -> toString
kotlin.internal.PlatformImplementations -> kotlin.internal.PlatformImplementations:
# {"id":"sourceFile","fileName":"PlatformImplementations.kt"}
    13:13:void <init>() -> <init>
    32:32:void addSuppressed(java.lang.Throwable,java.lang.Throwable) -> addSuppressed
    45:45:kotlin.random.Random defaultPlatformRandom() -> defaultPlatformRandom
kotlin.internal.PlatformImplementations$ReflectThrowable -> kotlin.internal.PlatformImplementations$ReflectThrowable:
# {"id":"sourceFile","fileName":"PlatformImplementations.kt"}
    15:27:void <clinit>() -> <clinit>
    15:15:void <clinit>() -> <init>
    15:15:void <init>():15 -> <init>
kotlin.internal.PlatformImplementationsKt -> kotlin.internal.PlatformImplementationsKt:
# {"id":"sourceFile","fileName":"PlatformImplementations.kt"}
    50:70:void <clinit>() -> <clinit>
    86:97:int getJavaVersion() -> getJavaVersion
kotlin.internal.ProgressionUtilKt -> kotlin.internal.ProgressionUtilKt:
# {"id":"sourceFile","fileName":"progressionUtil.kt"}
    21:21:int differenceModulo(int,int,int) -> differenceModulo
    46:48:int getProgressionLastElement(int,int,int) -> getProgressionLastElement
    10:10:int mod(int,int) -> mod
kotlin.internal.jdk7.JDK7PlatformImplementations -> kotlin.internal.jdk7.JDK7PlatformImplementations:
# {"id":"sourceFile","fileName":"JDK7PlatformImplementations.kt"}
    11:11:void <init>() -> <init>
    14:14:void addSuppressed(java.lang.Throwable,java.lang.Throwable) -> addSuppressed
kotlin.internal.jdk8.JDK8PlatformImplementations -> kotlin.internal.jdk8.JDK8PlatformImplementations:
# {"id":"sourceFile","fileName":"JDK8PlatformImplementations.kt"}
    27:27:void <init>() -> <init>
    39:39:kotlin.random.Random defaultPlatformRandom() -> defaultPlatformRandom
kotlin.io.CloseableKt -> kotlin.io.CloseableKt:
# {"id":"sourceFile","fileName":"Closeable.kt"}
    57:62:void closeFinally(java.io.Closeable,java.lang.Throwable) -> closeFinally