app/build/outputs/mapping/release/usage.txt
com.termux.BuildConfig
com.termux.R$anim
com.termux.R$animator
com.termux.R$attr
com.termux.R$bool
com.termux.R$color
com.termux.R$dimen
com.termux.R$drawable
com.termux.R$id
com.termux.R$integer
com.termux.R$interpolator
com.termux.R$layout
com.termux.R$menu
com.termux.R$mipmap
com.termux.R$plurals
com.termux.R$raw
com.termux.R$string
com.termux.R$style
com.termux.R$styleable
com.termux.R$xml
com.termux.R
com.termux.am.BaseCommand:
    public static final java.lang.String FATAL_ERROR_CODE
    public static final java.lang.String NO_CLASS_ERROR_CODE
    public static final java.lang.String NO_SYSTEM_ERROR_CODE
    public java.lang.String nextArg()
    public java.lang.String nextOption()
    public void showUsage()
com.termux.am.BuildConfig
com.termux.am.IntentCmd:
    public void <init>()
com.termux.am.R
com.termux.am.ShellCommand:
    static final boolean DEBUG
    static final java.lang.String TAG
    public java.lang.String peekNextArg()
com.termux.app.RunCommandService:
    private static final java.lang.String LOG_TAG
com.termux.app.TermuxActivity:
    private static final java.lang.String ARG_ACTIVITY_RECREATED
    private static final java.lang.String ARG_TERMINAL_TOOLBAR_TEXT_INPUT
    private static final int CONTEXT_MENU_AUTOFILL_PASSWORD
    private static final int CONTEXT_MENU_AUTOFILL_USERNAME
    private static final int CONTEXT_MENU_HELP_ID
    private static final int CONTEXT_MENU_KILL_PROCESS_ID
    private static final int CONTEXT_MENU_REPORT_ID
    private static final int CONTEXT_MENU_RESET_TERMINAL_ID
    private static final int CONTEXT_MENU_SELECT_URL_ID
    private static final int CONTEXT_MENU_SETTINGS_ID
    private static final int CONTEXT_MENU_SHARE_SELECTED_TEXT
    private static final int CONTEXT_MENU_SHARE_TRANSCRIPT_ID
    private static final int CONTEXT_MENU_STYLING_ID
    private static final int CONTEXT_MENU_TOGGLE_KEEP_SCREEN_ON
    private static final java.lang.String LOG_TAG
    public com.termux.app.terminal.TermuxTerminalViewClient getTermuxTerminalViewClient()
com.termux.app.TermuxApplication:
    private static final java.lang.String LOG_TAG
com.termux.app.TermuxInstaller:
    private static final java.lang.String LOG_TAG
    void <init>()
com.termux.app.TermuxOpenReceiver$ContentProvider:
    private static final java.lang.String LOG_TAG
com.termux.app.TermuxOpenReceiver:
    private static final java.lang.String LOG_TAG
com.termux.app.TermuxService:
    private static final java.lang.String LOG_TAG
    public com.termux.shared.shell.command.runner.app.AppShell createTermuxTask(java.lang.String,java.lang.String[],java.lang.String,java.lang.String)
com.termux.app.api.file.FileReceiverActivity:
    private static final java.lang.String API_TAG
    static final java.lang.String EDITOR_PROGRAM
    private static final java.lang.String LOG_TAG
    static final java.lang.String TERMUX_RECEIVEDIR
    static final java.lang.String URL_OPENER_PROGRAM
com.termux.app.event.SystemEventReceiver:
    private static final java.lang.String LOG_TAG
com.termux.app.terminal.TermuxActivityRootView:
    private static final java.lang.String LOG_TAG
    public void <init>(android.content.Context)
    public void <init>(android.content.Context,android.util.AttributeSet,int)
com.termux.app.terminal.TermuxTerminalSessionActivityClient:
    private static final java.lang.String LOG_TAG
    private static final int MAX_SESSIONS
com.termux.app.terminal.TermuxTerminalSessionServiceClient:
    private static final java.lang.String LOG_TAG
com.termux.app.terminal.TermuxTerminalViewClient:
    private static final java.lang.String LOG_TAG
com.termux.app.terminal.io.TerminalToolbarViewPager
com.termux.app.terminal.io.TermuxTerminalExtraKeys:
    private static final java.lang.String LOG_TAG
com.termux.filepicker.TermuxDocumentsProvider:
    private static final java.lang.String ALL_MIME_TYPES
com.termux.shared.BuildConfig
com.termux.shared.R$anim
com.termux.shared.R$animator
...
androidx.appcompat.widget.ActivityChooserView$1
androidx.appcompat.widget.ActivityChooserView$2
androidx.appcompat.widget.ActivityChooserView$3
androidx.appcompat.widget.ActivityChooserView$4
androidx.appcompat.widget.ActivityChooserView$5
androidx.appcompat.widget.ActivityChooserView$ActivityChooserViewAdapter
androidx.appcompat.widget.ActivityChooserView$Callbacks
androidx.appcompat.widget.ActivityChooserView
androidx.appcompat.widget.AlertDialogLayout:
    public void <init>(android.content.Context)
androidx.appcompat.widget.AppCompatAutoCompleteTextView:
    public void <init>(android.content.Context)
androidx.appcompat.widget.AppCompatButton:
    public void <init>(android.content.Context)
androidx.appcompat.widget.AppCompatCheckBox:
    public void <init>(android.content.Context)
androidx.appcompat.widget.AppCompatCheckedTextView:
    public void <init>(android.content.Context)
androidx.appcompat.widget.AppCompatDrawableManager:
    private static final boolean DEBUG
    private static final java.lang.String TAG
    synchronized android.graphics.drawable.Drawable onDrawableLoadedFromResources(android.content.Context,androidx.appcompat.widget.VectorEnabledTintResources,int)
    boolean tintDrawableUsingColorFilter(android.content.Context,int,android.graphics.drawable.Drawable)
androidx.appcompat.widget.AppCompatEditText:
    public void <init>(android.content.Context)
androidx.appcompat.widget.AppCompatHintHelper:
    private void <init>()
androidx.appcompat.widget.AppCompatImageButton:
    public void <init>(android.content.Context)
androidx.appcompat.widget.AppCompatImageHelper:
    void setInternalImageTint(android.content.res.ColorStateList)
androidx.appcompat.widget.AppCompatMultiAutoCompleteTextView:
    public void <init>(android.content.Context)
androidx.appcompat.widget.AppCompatPopupWindow:
    public void <init>(android.content.Context,android.util.AttributeSet,int)
androidx.appcompat.widget.AppCompatRadioButton:
    public void <init>(android.content.Context)
androidx.appcompat.widget.AppCompatRatingBar:
    public void <init>(android.content.Context)
androidx.appcompat.widget.AppCompatReceiveContentHelper$OnDropApi24Impl:
    private void <init>()
androidx.appcompat.widget.AppCompatReceiveContentHelper:
    private static final java.lang.String EXTRA_INPUT_CONTENT_INFO
    private static final java.lang.String LOG_TAG
    private void <init>()
androidx.appcompat.widget.AppCompatSeekBar:
    public void <init>(android.content.Context)
androidx.appcompat.widget.AppCompatSeekBarHelper:
    android.graphics.drawable.Drawable getTickMark()
    android.content.res.ColorStateList getTickMarkTintList()
    android.graphics.PorterDuff$Mode getTickMarkTintMode()
    void setTickMarkTintList(android.content.res.ColorStateList)
    void setTickMarkTintMode(android.graphics.PorterDuff$Mode)
androidx.appcompat.widget.AppCompatSpinner$DialogPopup:
    public int getHorizontalOriginalOffset()
androidx.appcompat.widget.AppCompatSpinner$SpinnerPopup:
    public abstract int getHorizontalOriginalOffset()
androidx.appcompat.widget.AppCompatSpinner:
    private static final int MAX_ITEMS_MEASURED
    private static final int MODE_DIALOG
    private static final int MODE_DROPDOWN
    private static final int MODE_THEME
    private static final java.lang.String TAG
    public void <init>(android.content.Context)
    public void <init>(android.content.Context,int)
androidx.appcompat.widget.AppCompatTextHelper:
    private static final int MONOSPACE
    private static final int SANS
    private static final int SERIF
    private static final int TEXT_FONT_WEIGHT_UNSPECIFIED